<?xml version="1.0" encoding="UTF-8"?>
<testsuite xmlns:xsi="http://www.w3.org/2001/XMLSchema-instance" xsi:noNamespaceSchemaLocation="https://maven.apache.org/surefire/maven-surefire-plugin/xsd/surefire-test-report.xsd" name="junitwebapp.JWebUnitTest" time="3.671" tests="2" errors="2" skipped="0" failures="0">
  <properties>
[...]
</properties>
  <testcase name="testLoginPage" classname="junitwebapp.JWebUnitTest" time="3.608">
    <error message="unexpected status code [403] at URL: [http://localhost:8081/junitwebapp/index.jsp]" type="net.sourceforge.jwebunit.exception.TestingEngineResponseException">net.sourceforge.jwebunit.exception.TestingEngineResponseException: unexpected status code [403] at URL: [http://localhost:8081/junitwebapp/index.jsp]
	at junitwebapp.JWebUnitTest.testLoginPage(JWebUnitTest.java:25)
Caused by: com.gargoylesoftware.htmlunit.FailingHttpStatusCodeException: 403 Forbidden for http://localhost:8081/junitwebapp/index.jsp
	at junitwebapp.JWebUnitTest.testLoginPage(JWebUnitTest.java:25)
</error>
    <system-err><![CDATA[SLF4J: Failed to load class "org.slf4j.impl.StaticLoggerBinder".
SLF4J: Defaulting to no-operation (NOP) logger implementation
SLF4J: See http://www.slf4j.org/codes.html#StaticLoggerBinder for further details.
]]></system-err>
  </testcase>
  <testcase name="testHomePage" classname="junitwebapp.JWebUnitTest" time="0.045">
    <error message="unexpected status code [403] at URL: [http://localhost:8081/junitwebapp/home.jsp]" type="net.sourceforge.jwebunit.exception.TestingEngineResponseException">net.sourceforge.jwebunit.exception.TestingEngineResponseException: unexpected status code [403] at URL: [http://localhost:8081/junitwebapp/home.jsp]
	at junitwebapp.JWebUnitTest.testHomePage(JWebUnitTest.java:34)
Caused by: com.gargoylesoftware.htmlunit.FailingHttpStatusCodeException: 403 Forbidden for http://localhost:8081/junitwebapp/home.jsp
	at junitwebapp.JWebUnitTest.testHomePage(JWebUnitTest.java:34)
</error>
  </testcase>
</testsuite>